<?xml version="1.0" encoding="UTF-8"?>
<testng-results skipped="0" failed="0" ignored="0" total="1" passed="1">
  <reporter-output>
  </reporter-output>
  <suite name="Default suite" duration-ms="223665" started-at="2020-03-27T07:55:18Z" finished-at="2020-03-27T07:59:01Z">
    <groups>
    </groups>
    <test name="Default test" duration-ms="223665" started-at="2020-03-27T07:55:18Z" finished-at="2020-03-27T07:59:01Z">
      <class name="Stepimplementions.Testclass">
        <test-method status="PASS" signature="Testmethod()[pri:0, instance:Stepimplementions.Testclass@490ab905]" name="Testmethod" duration-ms="223606" started-at="2020-03-27T07:55:18Z" finished-at="2020-03-27T07:59:01Z">
          <reporter-output>
          </reporter-output>
        </test-method> <!-- Testmethod -->
      </class> <!-- Stepimplementions.Testclass -->
    </test> <!-- Default test -->
  </suite> <!-- Default suite -->
</testng-results>
